<?xml version="1.0" encoding="UTF-8"?>
<testng-results skipped="0" failed="1" total="2" passed="1">
  <reporter-output>
  </reporter-output>
  <suite name="tests" duration-ms="40638" started-at="2019-08-17T12:15:08Z" finished-at="2019-08-17T12:15:49Z">
    <groups>
    </groups>
    <test name="Test Ebay" duration-ms="21663" started-at="2019-08-17T12:15:08Z" finished-at="2019-08-17T12:15:30Z">
      <class name="com.LitsTest.ShoppingCartTest">
        <test-method status="PASS" signature="testAddToShoppingCart()[pri:0, instance:com.LitsTest.ShoppingCartTest@2ef9b8bc]" name="testAddToShoppingCart" duration-ms="20835" started-at="2019-08-17T15:15:08Z" finished-at="2019-08-17T15:15:29Z">
          <reporter-output>
          </reporter-output>
        </test-method> <!-- testAddToShoppingCart -->
        <test-method status="PASS" signature="tearDown()[pri:0, instance:com.LitsTest.ShoppingCartTest@2ef9b8bc]" name="tearDown" is-config="true" duration-ms="815" started-at="2019-08-17T15:15:29Z" finished-at="2019-08-17T15:15:30Z">
          <reporter-output>
          </reporter-output>
        </test-method> <!-- tearDown -->
      </class> <!-- com.LitsTest.ShoppingCartTest -->
    </test> <!-- Test Ebay -->
    <test name="Test IMDB" duration-ms="18930" started-at="2019-08-17T12:15:30Z" finished-at="2019-08-17T12:15:49Z">
      <class name="com.LitsTest.MultiMediaContent">
        <test-method status="FAIL" signature="testIMDB()[pri:0, instance:com.LitsTest.MultiMediaContent@67b6d4ae]" name="testIMDB" duration-ms="18238" started-at="2019-08-17T15:15:30Z" finished-at="2019-08-17T15:15:48Z">
          <exception class="java.lang.AssertionError">
            <message>
              <![CDATA[expected [true] but found [false]]]>
            </message>
            <full-stacktrace>
              <![CDATA[java.lang.AssertionError: expected [true] but found [false]
	at org.testng.Assert.fail(Assert.java:94)
	at org.testng.Assert.failNotEquals(Assert.java:496)
	at org.testng.Assert.assertTrue(Assert.java:42)
	at org.testng.Assert.assertTrue(Assert.java:52)
	at com.LitsTest.MultiMediaContent.testIMDB(MultiMediaContent.java:41)
	at sun.reflect.NativeMethodAccessorImpl.invoke0(Native Method)
	at sun.reflect.NativeMethodAccessorImpl.invoke(NativeMethodAccessorImpl.java:62)
	at sun.reflect.DelegatingMethodAccessorImpl.invoke(DelegatingMethodAccessorImpl.java:43)
	at java.lang.reflect.Method.invoke(Method.java:498)
	at org.testng.internal.MethodInvocationHelper.invokeMethod(MethodInvocationHelper.java:85)
	at org.testng.internal.Invoker.invokeMethod(Invoker.java:639)
	at org.testng.internal.Invoker.invokeTestMethod(Invoker.java:816)
	at org.testng.internal.Invoker.invokeTestMethods(Invoker.java:1124)
	at org.testng.internal.TestMethodWorker.invokeTestMethods(TestMethodWorker.java:125)
	at org.testng.internal.TestMethodWorker.run(TestMethodWorker.java:108)
	at org.testng.TestRunner.privateRun(TestRunner.java:774)
	at org.testng.TestRunner.run(TestRunner.java:624)
	at org.testng.SuiteRunner.runTest(SuiteRunner.java:359)
	at org.testng.SuiteRunner.runSequentially(SuiteRunner.java:354)
	at org.testng.SuiteRunner.privateRun(SuiteRunner.java:312)
	at org.testng.SuiteRunner.run(SuiteRunner.java:261)
	at org.testng.SuiteRunnerWorker.runSuite(SuiteRunnerWorker.java:52)
	at org.testng.SuiteRunnerWorker.run(SuiteRunnerWorker.java:86)
	at org.testng.TestNG.runSuitesSequentially(TestNG.java:1191)
	at org.testng.TestNG.runSuitesLocally(TestNG.java:1116)
	at org.testng.TestNG.run(TestNG.java:1024)
	at org.apache.maven.surefire.testng.TestNGExecutor.run(TestNGExecutor.java:283)
	at org.apache.maven.surefire.testng.TestNGXmlTestSuite.execute(TestNGXmlTestSuite.java:75)
	at org.apache.maven.surefire.testng.TestNGProvider.invoke(TestNGProvider.java:120)
	at org.apache.maven.surefire.booter.ForkedBooter.invokeProviderInSameClassLoader(ForkedBooter.java:384)
	at org.apache.maven.surefire.booter.ForkedBooter.runSuitesInProcess(ForkedBooter.java:345)
	at org.apache.maven.surefire.booter.ForkedBooter.execute(ForkedBooter.java:126)
	at org.apache.maven.surefire.booter.ForkedBooter.main(ForkedBooter.java:418)
]]>
            </full-stacktrace>
          </exception> <!-- java.lang.AssertionError -->
          <reporter-output>
          </reporter-output>
        </test-method> <!-- testIMDB -->
        <test-method status="PASS" signature="tearDown()[pri:0, instance:com.LitsTest.MultiMediaContent@67b6d4ae]" name="tearDown" is-config="true" duration-ms="686" started-at="2019-08-17T15:15:48Z" finished-at="2019-08-17T15:15:49Z">
          <reporter-output>
          </reporter-output>
        </test-method> <!-- tearDown -->
      </class> <!-- com.LitsTest.MultiMediaContent -->
    </test> <!-- Test IMDB -->
  </suite> <!-- tests -->
</testng-results>
